<?xml version="1.0" encoding="UTF-8"?>
<testsuite name="factorialCalculatorChecker" tests="4" skipped="0" failures="0" errors="0" timestamp="2022-01-29T17:42:47" hostname="DESKTOP-GJPFM3M" time="0.047">
  <properties/>
  <testcase name="shouldReturn1WhenValueIs1()" classname="factorialCalculatorChecker" time="0.038"/>
  <testcase name="shouldReturnNegativeOneWhenValueIsNegative()" classname="factorialCalculatorChecker" time="0.001"/>
  <testcase name="shouldReturn120WhenValueIs5()" classname="factorialCalculatorChecker" time="0.002"/>
  <testcase name="shouldReturn479001600WhenValueIs12()" classname="factorialCalculatorChecker" time="0.001"/>
  <system-out><![CDATA[]]></system-out>
  <system-err><![CDATA[]]></system-err>
</testsuite>
