<?xml version="1.0" encoding="UTF-8"?>
<testsuite name="FactorialCalculatorChecker" tests="2" skipped="0" failures="0" errors="0" timestamp="2022-01-23T08:49:29" hostname="DESKTOP-GJPFM3M" time="0.035">
  <properties/>
  <testcase name="CheckValueFactorial12()" classname="FactorialCalculatorChecker" time="0.026"/>
  <testcase name="CheckValueOfFactorialFive()" classname="FactorialCalculatorChecker" time="0.007"/>
  <system-out><![CDATA[]]></system-out>
  <system-err><![CDATA[]]></system-err>
</testsuite>
